<?xml version="1.0" encoding="UTF-8"?>
<!-- Generated by org.testng.reporters.JUnitReportReporter -->
<testsuite hostname="LAPTOP-GFGUF4CD" failures="0" tests="2" name="allStepDefinitions.Negative_Validation" time="6.828" errors="0" timestamp="2022-02-20T12:12:48 IST" skipped="0">
  <testcase classname="allStepDefinitions.Negative_Validation" name="ValidateResponseStatus2" time="1.363"/>
  <system-out/>
  <testcase classname="allStepDefinitions.Negative_Validation" name="ValidateResponseStatus1" time="5.465"/>
  <system-out/>
</testsuite> <!-- allStepDefinitions.Negative_Validation -->
