<?xml version="1.0" encoding="UTF-8"?>
<!-- Generated by org.testng.reporters.JUnitReportReporter -->
<testsuite hostname="LAPTOP-GFGUF4CD" failures="0" tests="1" name="allStepDefinitions.logRestAssured$LogMethod" time="10.545" errors="0" timestamp="2022-02-19T19:56:59 IST" skipped="0">
  <testcase classname="allStepDefinitions.logRestAssured$LogMethod" name="GetMethod" time="10.545"/>
  <system-out/>
</testsuite> <!-- allStepDefinitions.logRestAssured$LogMethod -->
