<?xml version="1.0" encoding="UTF-8"?>
<!-- Generated by org.testng.reporters.JUnitReportReporter -->
<testsuite hostname="LAPTOP-GFGUF4CD" failures="0" tests="4" name="allStepDefinitions.parametarization" time="7.208" errors="0" timestamp="2022-02-19T19:22:11 IST" skipped="0">
  <testcase classname="allStepDefinitions.parametarization" name="test_delete" time="0.657"/>
  <system-out/>
  <testcase classname="allStepDefinitions.parametarization" name="test_delete" time="0.493"/>
  <system-out/>
  <testcase classname="allStepDefinitions.parametarization" name="test_delete" time="0.594"/>
  <system-out/>
  <testcase classname="allStepDefinitions.parametarization" name="test_delete" time="5.464"/>
  <system-out/>
</testsuite> <!-- allStepDefinitions.parametarization -->
