<?xml version="1.0" encoding="UTF-8"?>
<!-- Generated by org.testng.reporters.JUnitReportReporter -->
<testsuite hostname="LAPTOP-GFGUF4CD" failures="0" tests="3" name="allStepDefinitions.RestAssured_BDD" time="8.276" errors="0" timestamp="2022-02-20T12:05:26 IST" skipped="0">
  <testcase classname="allStepDefinitions.RestAssured_BDD" name="status_code_using_get_method" time="8.245"/>
  <system-out/>
  <testcase classname="allStepDefinitions.RestAssured_BDD" name="user_enters_url" time="0.008"/>
  <system-out/>
  <testcase classname="allStepDefinitions.RestAssured_BDD" name="status_code_received" time="0.023"/>
  <system-out/>
</testsuite> <!-- allStepDefinitions.RestAssured_BDD -->
