<?xml version="1.0" encoding="UTF-8"?>
<!-- Generated by org.testng.reporters.JUnitReportReporter -->
<testsuite hostname="LAPTOP-GFGUF4CD" failures="0" tests="3" name="allStepDefinitions.NegativeBDDSteps" time="5.847" errors="0" timestamp="2022-02-19T21:28:25 IST" skipped="0">
  <testcase classname="allStepDefinitions.NegativeBDDSteps" name="unsuccessful_login" time="0.029"/>
  <system-out/>
  <testcase classname="allStepDefinitions.NegativeBDDSteps" name="user_enters" time="5.812"/>
  <system-out/>
  <testcase classname="allStepDefinitions.NegativeBDDSteps" name="user_is_on_login_page" time="0.006"/>
  <system-out/>
</testsuite> <!-- allStepDefinitions.NegativeBDDSteps -->
