<?xml version="1.0" encoding="UTF-8"?>
<!-- Generated by org.testng.reporters.JUnitReportReporter -->
<testsuite hostname="LAPTOP-GFGUF4CD" failures="0" tests="3" name="allStepDefinitions.RestAssuredAssertion" time="5.282" errors="0" timestamp="2022-02-20T22:42:47 IST" skipped="0">
  <testcase classname="allStepDefinitions.RestAssuredAssertion" name="user_is_on_api" time="0.008"/>
  <system-out/>
  <testcase classname="allStepDefinitions.RestAssuredAssertion" name="passing_values_from_get_method" time="5.066"/>
  <system-out/>
  <testcase classname="allStepDefinitions.RestAssuredAssertion" name="validate_response_received" time="0.208"/>
  <system-out/>
</testsuite> <!-- allStepDefinitions.RestAssuredAssertion -->
